<?xml version="1.0" encoding="UTF-8"?>
<!-- Generated by org.testng.reporters.JUnitReportReporter -->
<testsuite skipped="0" hostname="DESKTOP-VVI0H3R" name="TestNGSessions.PriorityConcept" tests="4" failures="0" timestamp="28 Apr 2020 15:40:08 GMT" time="0.028" errors="0">
  <testcase name="btest" time="0.024" classname="TestNGSessions.PriorityConcept"/>
  <testcase name="dtest" time="0.001" classname="TestNGSessions.PriorityConcept"/>
  <testcase name="ctest" time="0.001" classname="TestNGSessions.PriorityConcept"/>
  <testcase name="atest" time="0.002" classname="TestNGSessions.PriorityConcept"/>
</testsuite> <!-- TestNGSessions.PriorityConcept -->
