<?xml version="1.0" encoding="UTF-8"?>
<!-- Generated by org.testng.reporters.JUnitReportReporter -->
<testsuite skipped="0" hostname="DESKTOP-VVI0H3R" name="TestNGSessions.TestNGWithSeleniumCase1" tests="3" failures="0" timestamp="27 Apr 2020 22:12:27 GMT" time="35.525" errors="0">
  <testcase name="titleTest" time="11.475" classname="TestNGSessions.TestNGWithSeleniumCase1"/>
  <testcase name="urlCheck" time="12.007" classname="TestNGSessions.TestNGWithSeleniumCase1"/>
  <testcase name="searchTest" time="12.043" classname="TestNGSessions.TestNGWithSeleniumCase1"/>
</testsuite> <!-- TestNGSessions.TestNGWithSeleniumCase1 -->
