<?xml version="1.0" encoding="UTF-8"?>
<!-- Generated by org.testng.reporters.JUnitReportReporter -->
<testsuite skipped="0" hostname="DESKTOP-VVI0H3R" name="TestNGSessions.TestNGAnnotations" tests="2" failures="0" timestamp="27 Apr 2020 21:58:31 GMT" time="0.010" errors="0">
  <testcase name="test2" time="0.003" classname="TestNGSessions.TestNGAnnotations"/>
  <testcase name="test1" time="0.007" classname="TestNGSessions.TestNGAnnotations"/>
</testsuite> <!-- TestNGSessions.TestNGAnnotations -->
