<?xml version="1.0" encoding="UTF-8"?>
<!-- Generated by org.testng.reporters.JUnitReportReporter -->
<testsuite skipped="0" hostname="DESKTOP-VVI0H3R" name="TestNGSessions.ExpectedExceptionConcept" tests="1" failures="0" timestamp="28 Apr 2020 16:06:59 GMT" time="0.015" errors="0">
  <testcase name="test1" time="0.015" classname="TestNGSessions.ExpectedExceptionConcept"/>
</testsuite> <!-- TestNGSessions.ExpectedExceptionConcept -->
