<?xml version="1.0" encoding="UTF-8"?>
<!-- Generated by org.testng.reporters.JUnitReportReporter -->
<testsuite skipped="1" hostname="DESKTOP-VVI0H3R" name="TestNGSessions.HomeTest" tests="2" failures="0" timestamp="29 Apr 2020 18:38:34 GMT" time="0.008" errors="0">
  <testcase name="header" time="0.008" classname="TestNGSessions.HomeTest"/>
  <testcase name="header" time="0.000" classname="TestNGSessions.HomeTest">
    <skipped/>
  </testcase> <!-- header -->
</testsuite> <!-- TestNGSessions.HomeTest -->
