<?xml version="1.0" encoding="UTF-8"?>
<!-- Generated by org.testng.reporters.JUnitReportReporter -->
<testsuite skipped="0" hostname="DESKTOP-VVI0H3R" name="TestNGSessions.InvocationCountConcept" tests="30" failures="0" timestamp="28 Apr 2020 15:27:56 GMT" time="0.093" errors="0">
  <testcase name="createUserTest" time="0.003" classname="TestNGSessions.InvocationCountConcept"/>
  <testcase name="createUserTest" time="0.018" classname="TestNGSessions.InvocationCountConcept"/>
  <testcase name="createUserTest" time="0.002" classname="TestNGSessions.InvocationCountConcept"/>
  <testcase name="searchTest" time="0.002" classname="TestNGSessions.InvocationCountConcept"/>
  <testcase name="createUserTest" time="0.006" classname="TestNGSessions.InvocationCountConcept"/>
  <testcase name="createUserTest" time="0.003" classname="TestNGSessions.InvocationCountConcept"/>
  <testcase name="createUserTest" time="0.001" classname="TestNGSessions.InvocationCountConcept"/>
  <testcase name="createUserTest" time="0.001" classname="TestNGSessions.InvocationCountConcept"/>
  <testcase name="searchTest" time="0.007" classname="TestNGSessions.InvocationCountConcept"/>
  <testcase name="createUserTest" time="0.004" classname="TestNGSessions.InvocationCountConcept"/>
  <testcase name="createUserTest" time="0.001" classname="TestNGSessions.InvocationCountConcept"/>
  <testcase name="searchTest" time="0.003" classname="TestNGSessions.InvocationCountConcept"/>
  <testcase name="createUserTest" time="0.002" classname="TestNGSessions.InvocationCountConcept"/>
  <testcase name="searchTest" time="0.004" classname="TestNGSessions.InvocationCountConcept"/>
  <testcase name="createUserTest" time="0.001" classname="TestNGSessions.InvocationCountConcept"/>
  <testcase name="createUserTest" time="0.001" classname="TestNGSessions.InvocationCountConcept"/>
  <testcase name="createUserTest" time="0.001" classname="TestNGSessions.InvocationCountConcept"/>
  <testcase name="createUserTest" time="0.002" classname="TestNGSessions.InvocationCountConcept"/>
  <testcase name="searchTest" time="0.001" classname="TestNGSessions.InvocationCountConcept"/>
  <testcase name="createUserTest" time="0.007" classname="TestNGSessions.InvocationCountConcept"/>
  <testcase name="createUserTest" time="0.002" classname="TestNGSessions.InvocationCountConcept"/>
  <testcase name="createUserTest" time="0.001" classname="TestNGSessions.InvocationCountConcept"/>
  <testcase name="searchTest" time="0.005" classname="TestNGSessions.InvocationCountConcept"/>
  <testcase name="createUserTest" time="0.001" classname="TestNGSessions.InvocationCountConcept"/>
  <testcase name="createUserTest" time="0.002" classname="TestNGSessions.InvocationCountConcept"/>
  <testcase name="searchTest" time="0.007" classname="TestNGSessions.InvocationCountConcept"/>
  <testcase name="searchTest" time="0.002" classname="TestNGSessions.InvocationCountConcept"/>
  <testcase name="searchTest" time="0.001" classname="TestNGSessions.InvocationCountConcept"/>
  <testcase name="createUserTest" time="0.001" classname="TestNGSessions.InvocationCountConcept"/>
  <testcase name="searchTest" time="0.001" classname="TestNGSessions.InvocationCountConcept"/>
</testsuite> <!-- TestNGSessions.InvocationCountConcept -->
